  HealthBar.cpp
  HealthCalculator.cpp
  main.cpp
  ofApp.cpp
C:\Users\vantan\Desktop\of_v0.9.7_vs_release\of_v0.9.7_vs_release\libs\openFrameworks\utils\ofLog.h : warning C4819: ファイルは、現在のコード ページ (932) で表示できない文字を含んでいます。データの損失を防ぐために、ファイルを Unicode 形式で保存してください。 (ソース ファイルをコンパイルしています src\HealthCalculator.cpp)
C:\Users\vantan\Desktop\of_v0.9.7_vs_release\of_v0.9.7_vs_release\libs\openFrameworks\types\ofTypes.h : warning C4819: ファイルは、現在のコード ページ (932) で表示できない文字を含んでいます。データの損失を防ぐために、ファイルを Unicode 形式で保存してください。 (ソース ファイルをコンパイルしています src\HealthCalculator.cpp)
c:\users\vantan\desktop\of_v0.9.7_vs_release\of_v0.9.7_vs_release\libs\openframeworks\types\ofColor.h : warning C4819: ファイルは、現在のコード ページ (932) で表示できない文字を含んでいます。データの損失を防ぐために、ファイルを Unicode 形式で保存してください。 (ソース ファイルをコンパイルしています src\HealthCalculator.cpp)
c:\users\vantan\desktop\of_v0.9.7_vs_release\of_v0.9.7_vs_release\libs\openframeworks\math\ofVec3f.h : warning C4819: ファイルは、現在のコード ページ (932) で表示できない文字を含んでいます。データの損失を防ぐために、ファイルを Unicode 形式で保存してください。 (ソース ファイルをコンパイルしています src\HealthCalculator.cpp)
c:\users\vantan\desktop\of_v0.9.7_vs_release\of_v0.9.7_vs_release\libs\openframeworks\math\ofVec2f.h : warning C4819: ファイルは、現在のコード ページ (932) で表示できない文字を含んでいます。データの損失を防ぐために、ファイルを Unicode 形式で保存してください。 (ソース ファイルをコンパイルしています src\HealthCalculator.cpp)
C:\Users\vantan\Desktop\of_v0.9.7_vs_release\of_v0.9.7_vs_release\libs\openFrameworks\utils\ofLog.h : warning C4819: ファイルは、現在のコード ページ (932) で表示できない文字を含んでいます。データの損失を防ぐために、ファイルを Unicode 形式で保存してください。 (ソース ファイルをコンパイルしています src\HealthBar.cpp)
C:\Users\vantan\Desktop\of_v0.9.7_vs_release\of_v0.9.7_vs_release\libs\openFrameworks\types\ofTypes.h : warning C4819: ファイルは、現在のコード ページ (932) で表示できない文字を含んでいます。データの損失を防ぐために、ファイルを Unicode 形式で保存してください。 (ソース ファイルをコンパイルしています src\HealthBar.cpp)
c:\users\vantan\desktop\of_v0.9.7_vs_release\of_v0.9.7_vs_release\libs\openframeworks\types\ofColor.h : warning C4819: ファイルは、現在のコード ページ (932) で表示できない文字を含んでいます。データの損失を防ぐために、ファイルを Unicode 形式で保存してください。 (ソース ファイルをコンパイルしています src\HealthBar.cpp)
c:\users\vantan\desktop\of_v0.9.7_vs_release\of_v0.9.7_vs_release\libs\openframeworks\math\ofVec3f.h : warning C4819: ファイルは、現在のコード ページ (932) で表示できない文字を含んでいます。データの損失を防ぐために、ファイルを Unicode 形式で保存してください。 (ソース ファイルをコンパイルしています src\HealthBar.cpp)
c:\users\vantan\desktop\of_v0.9.7_vs_release\of_v0.9.7_vs_release\libs\openframeworks\math\ofVec2f.h : warning C4819: ファイルは、現在のコード ページ (932) で表示できない文字を含んでいます。データの損失を防ぐために、ファイルを Unicode 形式で保存してください。 (ソース ファイルをコンパイルしています src\HealthBar.cpp)
C:\Users\vantan\Desktop\of_v0.9.7_vs_release\of_v0.9.7_vs_release\libs\openFrameworks\utils\ofLog.h : warning C4819: ファイルは、現在のコード ページ (932) で表示できない文字を含んでいます。データの損失を防ぐために、ファイルを Unicode 形式で保存してください。 (ソース ファイルをコンパイルしています src\ofApp.cpp)
C:\Users\vantan\Desktop\of_v0.9.7_vs_release\of_v0.9.7_vs_release\libs\openFrameworks\types\ofTypes.h : warning C4819: ファイルは、現在のコード ページ (932) で表示できない文字を含んでいます。データの損失を防ぐために、ファイルを Unicode 形式で保存してください。 (ソース ファイルをコンパイルしています src\ofApp.cpp)
c:\users\vantan\desktop\of_v0.9.7_vs_release\of_v0.9.7_vs_release\libs\openframeworks\types\ofColor.h : warning C4819: ファイルは、現在のコード ページ (932) で表示できない文字を含んでいます。データの損失を防ぐために、ファイルを Unicode 形式で保存してください。 (ソース ファイルをコンパイルしています src\ofApp.cpp)
c:\users\vantan\desktop\of_v0.9.7_vs_release\of_v0.9.7_vs_release\libs\openframeworks\math\ofVec3f.h : warning C4819: ファイルは、現在のコード ページ (932) で表示できない文字を含んでいます。データの損失を防ぐために、ファイルを Unicode 形式で保存してください。 (ソース ファイルをコンパイルしています src\ofApp.cpp)
c:\users\vantan\desktop\of_v0.9.7_vs_release\of_v0.9.7_vs_release\libs\openframeworks\math\ofVec2f.h : warning C4819: ファイルは、現在のコード ページ (932) で表示できない文字を含んでいます。データの損失を防ぐために、ファイルを Unicode 形式で保存してください。 (ソース ファイルをコンパイルしています src\ofApp.cpp)
C:\Users\vantan\Desktop\of_v0.9.7_vs_release\of_v0.9.7_vs_release\libs\openFrameworks\utils\ofLog.h : warning C4819: ファイルは、現在のコード ページ (932) で表示できない文字を含んでいます。データの損失を防ぐために、ファイルを Unicode 形式で保存してください。 (ソース ファイルをコンパイルしています src\main.cpp)
C:\Users\vantan\Desktop\of_v0.9.7_vs_release\of_v0.9.7_vs_release\libs\openFrameworks\types\ofTypes.h : warning C4819: ファイルは、現在のコード ページ (932) で表示できない文字を含んでいます。データの損失を防ぐために、ファイルを Unicode 形式で保存してください。 (ソース ファイルをコンパイルしています src\main.cpp)
c:\users\vantan\desktop\of_v0.9.7_vs_release\of_v0.9.7_vs_release\libs\openframeworks\types\ofColor.h : warning C4819: ファイルは、現在のコード ページ (932) で表示できない文字を含んでいます。データの損失を防ぐために、ファイルを Unicode 形式で保存してください。 (ソース ファイルをコンパイルしています src\main.cpp)
c:\users\vantan\desktop\of_v0.9.7_vs_release\of_v0.9.7_vs_release\libs\openframeworks\math\ofVec3f.h : warning C4819: ファイルは、現在のコード ページ (932) で表示できない文字を含んでいます。データの損失を防ぐために、ファイルを Unicode 形式で保存してください。 (ソース ファイルをコンパイルしています src\main.cpp)
c:\users\vantan\desktop\of_v0.9.7_vs_release\of_v0.9.7_vs_release\libs\openframeworks\math\ofVec2f.h : warning C4819: ファイルは、現在のコード ページ (932) で表示できない文字を含んでいます。データの損失を防ぐために、ファイルを Unicode 形式で保存してください。 (ソース ファイルをコンパイルしています src\main.cpp)
c:\users\vantan\desktop\of_v0.9.7_vs_release\of_v0.9.7_vs_release\libs\openframeworks\types\ofColor.h(778): warning C4819: ファイルは、現在のコード ページ (932) で表示できない文字を含んでいます。データの損失を防ぐために、ファイルを Unicode 形式で保存してください。 (ソース ファイルをコンパイルしています src\HealthCalculator.cpp)
c:\users\vantan\desktop\of_v0.9.7_vs_release\of_v0.9.7_vs_release\libs\openframeworks\types\ofColor.h(778): warning C4819: ファイルは、現在のコード ページ (932) で表示できない文字を含んでいます。データの損失を防ぐために、ファイルを Unicode 形式で保存してください。 (ソース ファイルをコンパイルしています src\HealthBar.cpp)
c:\users\vantan\desktop\of_v0.9.7_vs_release\of_v0.9.7_vs_release\libs\openframeworks\types\ofColor.h(778): warning C4819: ファイルは、現在のコード ページ (932) で表示できない文字を含んでいます。データの損失を防ぐために、ファイルを Unicode 形式で保存してください。 (ソース ファイルをコンパイルしています src\main.cpp)
c:\users\vantan\desktop\of_v0.9.7_vs_release\of_v0.9.7_vs_release\libs\openframeworks\types\ofColor.h(778): warning C4819: ファイルは、現在のコード ページ (932) で表示できない文字を含んでいます。データの損失を防ぐために、ファイルを Unicode 形式で保存してください。 (ソース ファイルをコンパイルしています src\ofApp.cpp)
C:\Users\vantan\Desktop\of_v0.9.7_vs_release\of_v0.9.7_vs_release\libs\openFrameworks\3d\ofMesh.h : warning C4819: ファイルは、現在のコード ページ (932) で表示できない文字を含んでいます。データの損失を防ぐために、ファイルを Unicode 形式で保存してください。 (ソース ファイルをコンパイルしています src\HealthCalculator.cpp)
C:\Users\vantan\Desktop\of_v0.9.7_vs_release\of_v0.9.7_vs_release\libs\openFrameworks\3d\ofMesh.h : warning C4819: ファイルは、現在のコード ページ (932) で表示できない文字を含んでいます。データの損失を防ぐために、ファイルを Unicode 形式で保存してください。 (ソース ファイルをコンパイルしています src\HealthBar.cpp)
C:\Users\vantan\Desktop\of_v0.9.7_vs_release\of_v0.9.7_vs_release\libs\openFrameworks\3d\ofMesh.h : warning C4819: ファイルは、現在のコード ページ (932) で表示できない文字を含んでいます。データの損失を防ぐために、ファイルを Unicode 形式で保存してください。 (ソース ファイルをコンパイルしています src\ofApp.cpp)
C:\Users\vantan\Desktop\of_v0.9.7_vs_release\of_v0.9.7_vs_release\libs\openFrameworks\3d\ofMesh.h : warning C4819: ファイルは、現在のコード ページ (932) で表示できない文字を含んでいます。データの損失を防ぐために、ファイルを Unicode 形式で保存してください。 (ソース ファイルをコンパイルしています src\main.cpp)
C:\Users\vantan\Desktop\of_v0.9.7_vs_release\of_v0.9.7_vs_release\libs\openFrameworks\graphics\ofPolyline.h : warning C4819: ファイルは、現在のコード ページ (932) で表示できない文字を含んでいます。データの損失を防ぐために、ファイルを Unicode 形式で保存してください。 (ソース ファイルをコンパイルしています src\HealthCalculator.cpp)
C:\Users\vantan\Desktop\of_v0.9.7_vs_release\of_v0.9.7_vs_release\libs\openFrameworks\graphics\ofPolyline.h : warning C4819: ファイルは、現在のコード ページ (932) で表示できない文字を含んでいます。データの損失を防ぐために、ファイルを Unicode 形式で保存してください。 (ソース ファイルをコンパイルしています src\HealthBar.cpp)
C:\Users\vantan\Desktop\of_v0.9.7_vs_release\of_v0.9.7_vs_release\libs\openFrameworks\graphics\ofPolyline.h : warning C4819: ファイルは、現在のコード ページ (932) で表示できない文字を含んでいます。データの損失を防ぐために、ファイルを Unicode 形式で保存してください。 (ソース ファイルをコンパイルしています src\main.cpp)
C:\Users\vantan\Desktop\of_v0.9.7_vs_release\of_v0.9.7_vs_release\libs\openFrameworks\graphics\ofPolyline.h : warning C4819: ファイルは、現在のコード ページ (932) で表示できない文字を含んでいます。データの損失を防ぐために、ファイルを Unicode 形式で保存してください。 (ソース ファイルをコンパイルしています src\ofApp.cpp)
C:\Users\vantan\Desktop\of_v0.9.7_vs_release\of_v0.9.7_vs_release\libs\openFrameworks\graphics\ofPath.h : warning C4819: ファイルは、現在のコード ページ (932) で表示できない文字を含んでいます。データの損失を防ぐために、ファイルを Unicode 形式で保存してください。 (ソース ファイルをコンパイルしています src\HealthCalculator.cpp)
C:\Users\vantan\Desktop\of_v0.9.7_vs_release\of_v0.9.7_vs_release\libs\openFrameworks\graphics\ofPath.h : warning C4819: ファイルは、現在のコード ページ (932) で表示できない文字を含んでいます。データの損失を防ぐために、ファイルを Unicode 形式で保存してください。 (ソース ファイルをコンパイルしています src\HealthBar.cpp)
C:\Users\vantan\Desktop\of_v0.9.7_vs_release\of_v0.9.7_vs_release\libs\openFrameworks\graphics\ofPath.h : warning C4819: ファイルは、現在のコード ページ (932) で表示できない文字を含んでいます。データの損失を防ぐために、ファイルを Unicode 形式で保存してください。 (ソース ファイルをコンパイルしています src\ofApp.cpp)
C:\Users\vantan\Desktop\of_v0.9.7_vs_release\of_v0.9.7_vs_release\libs\openFrameworks\graphics\ofPath.h : warning C4819: ファイルは、現在のコード ページ (932) で表示できない文字を含んでいます。データの損失を防ぐために、ファイルを Unicode 形式で保存してください。 (ソース ファイルをコンパイルしています src\main.cpp)
C:\Users\vantan\Desktop\of_v0.9.7_vs_release\of_v0.9.7_vs_release\libs\openFrameworks\3d\ofCamera.h : warning C4819: ファイルは、現在のコード ページ (932) で表示できない文字を含んでいます。データの損失を防ぐために、ファイルを Unicode 形式で保存してください。 (ソース ファイルをコンパイルしています src\HealthCalculator.cpp)
C:\Users\vantan\Desktop\of_v0.9.7_vs_release\of_v0.9.7_vs_release\libs\openFrameworks\3d\ofEasyCam.h : warning C4819: ファイルは、現在のコード ページ (932) で表示できない文字を含んでいます。データの損失を防ぐために、ファイルを Unicode 形式で保存してください。 (ソース ファイルをコンパイルしています src\HealthCalculator.cpp)
C:\Users\vantan\Desktop\of_v0.9.7_vs_release\of_v0.9.7_vs_release\libs\openFrameworks\3d\ofCamera.h : warning C4819: ファイルは、現在のコード ページ (932) で表示できない文字を含んでいます。データの損失を防ぐために、ファイルを Unicode 形式で保存してください。 (ソース ファイルをコンパイルしています src\HealthBar.cpp)
C:\Users\vantan\Desktop\of_v0.9.7_vs_release\of_v0.9.7_vs_release\libs\openFrameworks\3d\ofEasyCam.h : warning C4819: ファイルは、現在のコード ページ (932) で表示できない文字を含んでいます。データの損失を防ぐために、ファイルを Unicode 形式で保存してください。 (ソース ファイルをコンパイルしています src\HealthBar.cpp)
C:\Users\vantan\Desktop\of_v0.9.7_vs_release\of_v0.9.7_vs_release\libs\openFrameworks\3d\ofCamera.h : warning C4819: ファイルは、現在のコード ページ (932) で表示できない文字を含んでいます。データの損失を防ぐために、ファイルを Unicode 形式で保存してください。 (ソース ファイルをコンパイルしています src\ofApp.cpp)
C:\Users\vantan\Desktop\of_v0.9.7_vs_release\of_v0.9.7_vs_release\libs\openFrameworks\3d\ofEasyCam.h : warning C4819: ファイルは、現在のコード ページ (932) で表示できない文字を含んでいます。データの損失を防ぐために、ファイルを Unicode 形式で保存してください。 (ソース ファイルをコンパイルしています src\ofApp.cpp)
C:\Users\vantan\Desktop\of_v0.9.7_vs_release\of_v0.9.7_vs_release\libs\openFrameworks\3d\ofCamera.h : warning C4819: ファイルは、現在のコード ページ (932) で表示できない文字を含んでいます。データの損失を防ぐために、ファイルを Unicode 形式で保存してください。 (ソース ファイルをコンパイルしています src\main.cpp)
C:\Users\vantan\Desktop\of_v0.9.7_vs_release\of_v0.9.7_vs_release\libs\openFrameworks\3d\ofEasyCam.h : warning C4819: ファイルは、現在のコード ページ (932) で表示できない文字を含んでいます。データの損失を防ぐために、ファイルを Unicode 形式で保存してください。 (ソース ファイルをコンパイルしています src\main.cpp)
src\HealthCalculator.cpp(8): error C2039: 'getBarScale': 'HealthBar' のメンバーではありません。
  c:\users\vantan\desktop\of_v0.9.7_vs_release\of_v0.9.7_vs_release\apps\healthbar\src\HealthBar.h(14): note: 'HealthBar' の宣言を確認してください
src\HealthCalculator.cpp(8): error C3861: 'getBarScale': 識別子が見つかりませんでした
src\HealthCalculator.cpp(9): error C2065: 'barScale_': 定義されていない識別子です。
src\HealthCalculator.cpp(9): error C2228: '.get' の左側はクラス、構造体、共用体でなければなりません
  src\HealthCalculator.cpp(9): note: 型は 'unknown-type' です。
src\HealthCalculator.cpp(9): error C2228: '.y' の左側はクラス、構造体、共用体でなければなりません
